[   0.00] Iniazinggrp ubsys uset
[  00000]Initiazinggrupubsys cp
[   0.0000 Iitiazi cgrousuys cuat
[   0.000000Lix veio4.4.0-2-enric (bldlgw0am4-10) ccerion 5.0 16069 butu 5.0ubun1~.04.5) )13Ubun S Fi Ja191:486 C 018 (Unt4.4.11135-geri4.4.)    0000] Coan line:BO_IAGE=/bt/liuz-4.012-ger rot=LELloudg-ots roonle=t1 nsle=tty
   0.0000]ERNEL ppted us
[   0.0000  Inl nuneInl[    0000]  MDutenticA
    0.0000]   nturCentauHas
[  00000]86pu xste_ffet[2]:  6,xsta_ses[2:  256
   0.0000]x86/u:uppoinXSVE fearex01:x8flatinpot rests'
[  .0000]86pu: Supptig XSE atur0x: SSE giters'[  00000] 6/fpu:uprtng XSAVEfeture 0x04:AVX rests'
  0.0000 x/fpu: Enlexsta ftues 0x7coext zes 83bys,usin'sndard' forma
[   .0000]86pu Usi 'zy FPUonxt swichs.
[   .0000]820:IOprvid hysialAMap
[  00000] OS82: [memx0000000000-0x0000009ff]sabl
[   000000]IOe820[m 000000009fc-000000009ff resve
[    0000] OS820:[mm x00000000000-0x0000000ff] eserd[    00000]IOe820[m 00000001000-000000003eff] ubl
[    0000 BIOe8: mem 000000ff000x00003fffff] PI da[   .0000]BIS-20: mem 000000c0000-000000c0ff resve
[    0000] BS-20: emx00000ee0000x000000fee00f] rerd
[  0.0000BI-e20: emx00000ffc0000-0000000fffff] rervd
[   .0000] N(Ecute Dab) protti: acve[   .000] BI 25 pren
[  0.000] Hersor teed KVM[   0.0000e820la_pn 0xff maxrcpfn 0x4000000
[    0.0000] MTRR:isbled[   0.0000] 86PAT: MRsisabd,kipingATnitiizio too
[   00000] U TRRslllank vtulizedysm.
[   0000 x/PT: Conigurion 0-7]WB    C- U  WBWTUC-   [    0000] fndMPMP-tleat [me 000fff0x09fff] maedat [ff0000ff]
[  00000]caing ars or l mory rrtin
[  000000]RAIS: [m 06acc000-375dfff][   0.0000ACPIEay ablehesu vericio disabd
[  0.0000AC: SDP 0x0000000E0000 00 (v0VBX )
[  00000] PIXSDTx000003F00 000C 01VBOX VXXSDT 00001 ASL 00061)
  0.0000 AI: FCPx00000FF0F 0004 04 VBO  BOXFA 000001 AS  00061)
  0.00000]CP: DSDTx00000FF47 021 (2 VB  BOXBS 000002NT2010528)
[  0.0000] AC: ACS 000000FF000000
   0.000 API: CSx00000FF0200000
[  000000] APIAPC 0x0000FFF00 005Cv0VBX   OXIC 0001 SL  000061)
[    000000] AI:SDT 000003FFF00 01CCv0VBX   OXUT00000002NT 20152
[  00000]  NA confurion un
[   .0000] Faking ne atme0x00000000000-0x000003eff]
[  0000000] NO_DA(0) aoced [me0xfeb000-0ffffff
[   .00000kv-clockUsg ms 46401 andb5d00   0.0000]vm-cckcpu  m 0:3fe301 pimary cpu oc
[  00000] kvm-ock: ungched offseof 33631 cycs    0000] ocouce: m-oc: sk0xffffffffffmacycl: 1cd44db,max_les: 8599183 n
[   .000000] Zne rngs:
[    0.0000  MA    em0x00000000010-000000fffff][   0.00]   A3  [memx000000100-0x00003feff][   .0000] Nma   ety
[  0.000] Dic   ety
[  0.00000]Moabl zone starfor ea nde
[  000000]ar memy derang
   0.00000  ode    [m 0x000000010-00000000efff]
[  0.0000] nod   [em 000000001000-000000feff][    0.00000] itm setuno 0 [me0x00000000100-0x00003ffeff
[   0000 ACP PTimeIOor: 0x08
[    0000] AP[0: icd , veio32, drs xfec00 GSI-2
[    00000] AC: T_SROV(bus 0bu_i 0 glol_q 2 l l)
[   .0000]CP IT_SR_O (us 0usrq 9 gbairq loleel)   0.000000] Uing PIMADTfoSM congutionnfmaion  0.0000smpboo Aowin2 Us 0 hotugCPUs
   00000] M:egsteredosve mor [em 0x0000000-0x00000f]
  0.0000] : gistedosve mor [me0x09000-00ffff
  0.0000] : Registednosa mory:me0x00a00-000eff][   .00000] M:egsteredosve memy:mem 00000-0x0fff]  0.0000e80: [mem 4000000-xfffff] avlae foPCdevis    .0000] Bti praviuazed rn o KVM[   0.0000clocoue: rind-iffies:ma: ffffffax_cle 0xffff,max_les: 755602115 n
[    0000]setupepu: _CS:512 nrcpumsk_bs:2 nr_c_i:2 nno_is:1   0.000 PERCP Eedde34ags/cp@ff880fc000 s99544 r8192 d31528 u1048576
[    0.000000] PV qspinlock hash table entries: 256 (order: 0, 4096 bytes)
[    0.000000] Built 1 zonelists in Node order, mobilitgrpingn.Toal pes25913
[  00000 Picy neDM32
   00000 Kne comndline: OTMAGEbo/vlinu4.0-112-nec ro=LELcloumgoofs ro nsle=ttycoole=yS
[   0.0000 PIDhah abe entres406 (ord: , 328 tes)[  0.000 Mmory: 0108K/480K avaab (84K rnel ce,309Kwda,3988rota, 08int, 16Kss 46412K seved,K a-rerv)
[  00000] UBHWalgn64 Order=-3 MObjes=, PUs=2,Noes
[   0.000] KerneUsr page tle isolaonenable
[   .0000]ierarcicalCUimemtaion.[   0.0000	Bui-te djusme o leafaout  6
[   .0000]RCrestritig PU froNRPU=512 tnrcpu_s=
[   0.0000] CUAdstingeety orcuanoule=64,r_u_ds=2[   0.0000NR_IS:024 _is:40 1
[  0.0000Conse:olur V+ x2
[  00000 csole[tt1] enbld
[    0.00000] cosole[ttyS ebled
  0.00000] tsc: Detected 2807.998 MHz processor
[   29.523458] Calibrating delay loop (skipped) preset value.. 5615.99 BogoMIPS (lpj=11231992)
[   29.790942] pid_max: default: 32768 minimum: 301
[   29.937989] ACPI: Core revision 20150930
[   30.055830] ACPI: 2 ACPI AML tables successfully acquired and loaded
[   30.229859] Security Framework initialized
[   30.336555] Yama: becoming mindful.
[   30.442622] AppArmor: AppArmor initialized
[   30.572976] Dentry cache hash table entries: 131072 (order: 8, 1048576 bytes)
[   30.795843] Inode-cache hash table entries: 65536 (order: 7, 524288 bytes)
[   31.003924] Mount-cache hash table entries: 2048 (order: 2, 16384 bytes)
[   31.222707] Mountpoint-cache hash table entries: 2048 (order: 2, 16384 bytes)
[   31.405752] Initializing cgroup subsys io
[   31.527279] Initializing cgroup subsys memory
[   31.664011] Initializing cgroup subsys devices
[   31.807929] Initializing cgroup subsys freezer
[   31.943235] Initializing cgroup subsys net_cls
[   32.082454] Initializing cgroup subsys perf_event
[   32.217971] Initializing cgroup subsys net_prio
[   32.348682] Initializing cgroup subsys hugetlb
[   32.457688] Initializing cgroup subsys pids
[   32.580571] CPU: Physical Processor ID: 0
[   32.708560] CPU: Processor Core ID: 0
[   32.819609] FEATURE SPEC_CTRL Not Present
[   32.941357] mce: CPU supports 0 MCE banks
[   33.060691] Last level iTLB entries: 4KB 64, 2MB 8, 4MB 8
[   33.228953] Last level dTLB entries: 4KB 64, 2MB 0, 4MB 0, 1GB 4
[   33.411502] Freeing SMP alternatives memory: 32K
[   33.530051] ftrace: allocating 32180 entries in 126 pages
[   33.720826] smpboot: APIC(0) Converting physical 0 to logical package 0
[   33.921436] smpboot: Max logical packages: 1
[   34.060188] x2apic enabled
[   34.144200] Switched APIC routing to physical x2apic.
[   34.295481] ..TIMER: vector=0x30 apic1=0 pin1=2 apic2=-1 pin2=-1
[   34.594755] smpboot: CPU0: Intel(R) Core(TM) i7-7700HQ CPU @ 2.80GHz (family: 0x6, model: 0x9e, stepping: 0x9)
[   34.862660] Performance Events: unsupported p6 CPU model 158 no PMU driver, software events only.
[   35.132760] KVM setup paravirtual spinlock
[   35.252219] x86: Booting SMP configuration:
[   35.381206] .... node  #0, CPUs:      #1
[   35.494461] kvm-clock: cpu 1, msr 0:3ffe3041, secondary cpu clock
[   35.682444] mce: CPU supports 0 MCE banks
[   35.701121] x86: Booted up 1 node, 2 CPUs
[   35.779576] smpboot: Total of 2 processors activated (11231.99 BogoMIPS)
[   35.989671] devtmpfs: initialized
[   36.087820] evm: security.selinux
[   36.185392] evm: security.SMACK64
[   36.281027] evm: security.SMACK64EXEC
[   36.386706] evm: security.SMACK64TRANSMUTE
[   36.514188] evm: security.SMACK64MMAP
[   36.654000] evm: security.ima
[   36.741115] evm: security.capability
[   36.811161] clocksource: jiffies: mask: 0xffffffff max_cycles: 0xffffffff, max_idle_ns: 7645041785100000 ns
[   37.102687] futex hash table entries: 512 (order: 3, 32768 bytes)
[   37.283270] pinctrl core: initialized pinctrl subsystem
[   37.448221] RTC time:  7:10:14, date: 02/19/18
[   37.590510] NET: Registered protocol family 16
[   37.742788] cpuidle: using governor ladder
[   37.875059] cpuidle: using governor menu
[   37.941036] PCCT header not found.
[   38.043696] ACPI: bus type PCI registered
[   38.164557] acpiphp: ACPI Hot Plug PCI Controller Driver version: 0.5
[   38.357414] PCI: Using configuration type 1 for base access
[   38.545162] ACPI: Added _OSI(Module Device)
[   38.673948] ACPI: Added _OSI(Processor Device)
[   38.809503] ACPI: Added _OSI(3.0 _SCP Extensions)
[   38.954522] ACPI: Added _OSI(Processor Aggregator Device)
[   39.082646] ACPI: Executed 1 blocks of module-level executable AML code
[   39.283407] ACPI: Interpreter enabled
[   39.397317] ACPI: (supports S0 S5)
[   39.502335] ACPI: Using IOAPIC for interrupt routing
[   39.660250] PCI: Using host bridge windows from ACPI; if necessary, use "pci=nocrs" and report a bug
[   39.952885] ACPI: PCI Root Bridge [PCI0] (domain 0000 [bus 00-ff])
[   40.084721] acpi PNP0A03:00: _OSC: OS supports [ASPM ClockPM Segments MSI]
[   40.238062] acpi PNP0A03:00: _OSC: not requesting OS control; OS requires [ExtendedConfig ASPM ClockPM MSI]
[   40.543583] acpi PNP0A03:00: fail to add MMCONFIG information, can't access extended PCI configuration space under this bridge.
[   40.908164] PCI host bridge to bus 0000:00
[   41.037567] pci_bus 0000:00: root bus resource [io  0x0000-0x0cf7 window]
[   41.179109] pci_bus 0000:00: root bus resource [io  0x0d00-0xffff window]
[   41.371461] pci_bus 0000:00: root bus resource [mem 0x000a0000-0x000bffff window]
[   41.606785] pci_bus 0000:00: root bus resource [mem 0x40000000-0xfdffffff window]
[   41.841206] pci_bus 0000:00: root bus resource [bus 00-ff]
[   42.011856] pci 0000:00:01.1: legacy IDE quirk: reg 0x10: [io  0x01f0-0x01f7]
[   42.189582] pci 0000:00:01.1: legacy IDE quirk: reg 0x14: [io  0x03f6]
[   42.274993] pci 0000:00:01.1: legacy IDE quirk: reg 0x18: [io  0x0170-0x0177]
[   42.428446] pci 0000:00:01.1: legacy IDE quirk: reg 0x1c: [io  0x0376]
[   42.645001] pci 0000:00:07.0: quirk: [io  0x4000-0x403f] claimed by PIIX4 ACPI
[   42.877774] pci 0000:00:07.0: quirk: [io  0x4100-0x410f] claimed by PIIX4 SMB
[   43.090478] ACPI: PCI Interrupt Link [LNKA] (IRQs 5 9 10 *11)
[   43.248434] ACPI: PCI Interrupt Link [LNKB] (IRQs 5 9 *10 11)
[   43.377624] ACPI: PCI Interrupt Link [LNKC] (IRQs 5 *9 10 11)
[   43.522735] ACPI: PCI Interrupt Link [LNKD] (IRQs 5 9 10 *11)
[   43.687168] ACPI: Enabled 2 GPEs in block 00 to 07
[   43.832233] vgaarb: setting as boot device: PCI:0000:00:02.0
[   44.008804] vgaarb: device added: PCI:0000:00:02.0,decodes=io+mem,owns=io+mem,locks=none
[   44.262151] vgaarb: loaded
[   44.346543] vgaarb: bridge control possible 0000:00:02.0
[   44.459827] SCSI subsystem initialized
[   44.529392] ACPI: bus type USB registered
[   44.645486] usbcore: registered new interface driver usbfs
[   44.816759] usbcore: registered new interface driver hub
[   44.985145] usbcore: registered new device driver usb
[   45.139736] PCI: Using ACPI for IRQ routing
[   45.266286] NetLabel: Initializing
[   45.375129] NetLabel:  domain hash size = 128
[   45.509003] NetLabel:  protocols = UNLABELED CIPSOv4
[   45.567195] NetLabel:  unlabeled traffic allowed by default
[   45.716236] amd_nb: Cannot enumerate AMD northbridges
[   45.875686] clocksource: Switched to clocksource kvm-clock
[   46.058111] AppArmo AAror Filesysm abd  6.40] np PP PIni
[ 46181]npPnAC: un3 vis
[   47.283032] clocksource: cciippm: mask: 0xffffff max_cycles: 0xffffff, max_idle_ns: 2085701024 ns
[   47.695102] NET: Registered protocol family 2
[   47.710561] TCP established hash table entries: 8192 (order: 4, 65536 bytes)
[   47.735247] TCP bind hash table entries: 8192 (order: 5, 131072 bytes)
[   47.753437] TCP: Hash tables configured (established 8192 bind 8192)
[   47.856624] UDP hash table entries: 512 (orde:: 2, 16384 bytes)
[   48.162678] UDP-iite hash table entries: 512 (order: 2, 16384 bytes)
[   48.474533] NET: Registered protocol family 1
[   48.674080] pci 0000:00:00.0: Limiting direct PCI/PCI transfers
[   48.806273] pci 0000:00:01.0: Activating ISA DMA hang workarounds
[   48.828686] Unpacking initramfs...
[   50.259647] Freeing initrd memory: 10824K
[   .380 ptfm c_osrestedlaorRTdece(nPNdeceou)
[ 51791]cainfolomeryorptn er60ecds[ 519054ts Refed TSClosocealraon28.9 M
[   .796 cckur: c:as 0ffffffffff m_cle 087b92amaid_n 479815 
pÿ[   52.13] di itiizg tlink susy (saed

[   52.711329] audit: type=2000 audit(1519024189.227:1): initialized
[   52.711540] Initialise system trusted keyring
[   52.711611] HugeTLB registered 2 MB page size, pre-allocated 0 pages
[   52.712606] zbud: loaded
[   52.712726] VFS: Disk quotas dquot_6.6.0
[   52.712746] VFS: Dquot-cache hash table entries: 512 (order 0, 4096 bytes)
[   52.712914] squashfs: version 4.0 (2009/01/31) Phillip Lougher
[   52.713099] fuse init (API version 7.23)
[   52.713202] Key type big_key registered
[   52.713218] Allocating IMA MOK and blacklist keyrings.
[   52.713348] Key type asymmetric registered
[   52.713352] Asymmetric key parser 'x509' registered
[   52.713375] Block layer SCSI generic (bsg) driver version 0.4 loaded (major 249)
[   52.713388] io scheduler noop registered
[   52.713389] io scheduler deadline registered (default)
[   52.713408] io scheduler cfq registered
[   52.713473] pci_hotplug: PCI Hot Plug PCI Core version: 0.5
[   52.713476] pciehp: PCI Express Hot Plug Controller Driver version: 0.4
[   52.713815] ACPI: AC Adapter [AC] (on-line)
[   52.713854] input: Power Button as /devices/LNXSYSTM:00/LNXPWRBN:00/input/input0
[   52.713856] ACPI: Power Button [PWRF]
[   52.713928] input: Sleep Button as /devices/LNXSYSTM:00/LNXSLPBN:00/input/input1
[   52.713929] ACPI: Sleep Button [SLPF]
[   52.714049] GHES: HEST is not enabled!
[   52.714103] Serial: 8250/16550 driver, 32 ports, IRQ sharing enabled
[   53.898039] 00:02: ttyS0 at I/O 0x3f8 (irq = 4, base_baud = 115200) is a 16550A
[   54.456093] Linux agpgart interface v0.103
[   54.457253] ACPI: Battery Slot [BAT0] (battery present)
[   54.741062] loop: module loaded
[   54.741477] scsi host0: ata_piix
[   54.741514] scsi host1: ata_piix
[   54.741536] ata1: PATA max UDMA/33 cmd 0x1f0 ctl 0x3f6 bmdma 0xd000 irq 14
[   54.741537] ata2: PATA max UDMA/33 cmd 0x170 ctl 0x376 bmdma 0xd008 irq 15
[   54.741587] libphy: Fixed MDIO Bus: probed
[   54.741588] tun: Universal TUN/TAP device driver, 1.6
[   54.741589] tun: (C) 1999-2004 Max Krasnyansky <maxk@qualcomm.com>
[   54.741984] PPP generic driver version 2.4.2
[   54.742071] ehci_hcd: USB 2.0 'Enhanced' Host Controller (EHCI) Driver
[   54.742075] ehci-pci: EHCI PCI platform driver
[   54.742085] ehci-platform: EHCI generic platform driver
[   54.742090] ohci_hcd: USB 1.1 'Open' Host Controller (OHCI) Driver
[   54.742092] ohci-pci: OHCI PCI platform driver
[   54.742097] ohci-platform: OHCI generic platform driver
[   54.742102] uhci_hcd: USB Universal Host Controller Interface driver
[   54.742159] i8042: PNP: PS/2 Controller [PNP0303:PS2K,PNP0f03:PS2M] at 0x60,0x64 irq 1,12
[   54.864927] serio: i8042 KBD port at 0x60,0x64 irq 1
[   54.864932] serio: i8042 AUX port at 0x60,0x64 irq 12
[   54.865041] mousedev: PS/2 mouse device common for all mice
[   54.865311] rtc_cmos rtc_cmos: rtc core: registered rtc_cmos as rtc0
[   54.865353] rtc_cmos rtc_cmos: alarms up to one day, 114 bytes nvram
[   54.865358] i2c /dev entries driver
[   54.865402] device-mapper: uevent: version 1.0.3
[   54.865439] device-mapper: ioctl: 4.34.0-ioctl (2015-10-28) initialised: dm-devel@redhat.com
[   54.865455] ledtrig-cpu: registered to indicate activity on CPUs
[   54.865649] NET: Registered protocol family 10
[   54.865756] NET: Registered protocol family 17
[   54.865764] Key type dns_resolver registered
[   55.213309] microcode: CPU0 sig=0x906e9, pf=0x2, revision=0x0
[   55.213366] microcode: CPU1 sig=0x906e9, pf=0x2, revision=0x0
[   55.213453] microcode: Microcode Update Driver: v2.01 <tigran@aivazian.fsnet.co.uk>, Peter Oruba
[   55.213550] registered taskstats version 1
[   55.213560] Loading compiled-in X.509 certificates
[   55.214019] Loaded X.509 cert 'Build time autogenerated kernel key: 4c603087bab8f0a02cb3b4e1fb4c40f507e71ef1'
[   55.214035] zswap: loaded using pool lzo/zbud
[   55.215441] Key type trusted registered
[   55.217804] Key type encrypted registered
[   55.217808] AppArmor: AppArmor sha1 policy hashing enabled
[   55.217811] ima: No TPM chip found, activating TPM-bypass!
[   55.217824] evm: HMAC attrs: 0x1
[   55.218110]   Magic number: 6:758:167
[   55.218136] acpi PNP0000:00: hash matches
[   55.316416] rtc_cmos rtc_cmos: setting system clock to 2018-02-19 07:10:31 UTC (1519024231)
[   55.316532] BIOS EDD facility v0.16 2004-Jun-25, 0 devices found
[   55.316532] EDD information not available.
[   55.945901] input: AT Translated Set 2 keyboard as /devices/platform/i8042/serio0/input/input2
[   65.245775] Freeing unused kernel memory: 1508K
[   65.334593] Write protecting the kernel read-only data: 14336k
[   65.645467] Freeing unused kernel memory: 1728K
[   65.829562] Freeing unused kernel memory: 108K
Loading, please [   66.077285] random: systemd-udevd: uninitialized urandom read (16 bytes read, 9 bits of entropy available)
wait...
startin[   66.077749] random: udevadm: uninitialized urandom read (16 bytes read, 9 bits of entropy available)
g version 229
[   66.077767] random: udevadm: uninitialized urandom read (16 bytes read, 9 bits of entropy available)
[   66.088041] random: udevadm: uninitialized urandom read (16 bytes read, 9 bits of entropy available)
[   66.088082] random: udevadm: uninitialized urandom read (16 bytes read, 9 bits of entropy available)
[   66.088222] random: udevadm: uninitialized urandom read (16 bytes read, 9 bits of entropy available)
[   66.088275] random: udevadm: uninitialized urandom read (16 bytes read, 9 bits of entropy available)
[   66.088327] random: udevadm: uninitialized urandom read (16 bytes read, 9 bits of entropy available)
[   66.088381] random: udevadm: uninitialized urandom read (16 bytes read, 9 bits of entropy available)
[   66.088432] random: udevadm: uninitialized urandom read (16 bytes read, 9 bits of entropy available)
[   69.516264] e1000: Intel(R) PRO/1000 Network Driver - version 7.3.21-k8-NAPI
[   69.607068] e1000: Copyright (c) 1999-2006 Intel Corporation.
[   69.655463] Fusion MPT base driver 3.04.20
[   69.844321] Copyright (c) 1999-2008 LSI Corporation
[   70.103827] Fusion MPT SPI Host driver 3.04.20
[   70.319850] AVX2 version of gcm_enc/dec engaged.
[   70.452095] AES CTR mode by8 optimization enabled
[   70.579115] input: ImExPS/2 Generic Explorer Mouse as /devices/platform/i8042/serio1/input/input4
[   70.784743] e1000 0000:00:03.0 eth0: (PCI:33MHz:32-bit) 02:66:2d:c5:e5:fb
[   71.144799] e1000 0000:00:03.0 eth0: Intel(R) PRO/1000 Network Connection
[   71.385441] mptbase: ioc0: Initiating bringup
[   71.385853] e1000 0000:00:03.0 enp0s3: renamed from eth0
[   71.764180] ioc0: LSI53C1030 A0: Capabilities={Initiator}
[   72.977715] scsi host2: ioc0: LSI53C1030 A0, FwRev=00000000h, Ports=1, MaxQ=256, IRQ=20
[   73.880934] floppy0: no floppy controllers found
[   74.109078] scsi 2:0:0:0: Direct-Access     VBOX     HARDDISK         1.0  PQ: 0 ANSI: 5
[   74.531807] scsi target2:0:0: Beginning Domain Validation
[   74.802620] scsi target2:0:0: Domain Validation skipping write tests
[   75.072152] scsi target2:0:0: Ending Domain Validation
[   75.127447] scsi target2:0:0: asynchronous
[   75.257923] scsi 2:0:1:0: Direct-Access     VBOX     HARDDISK         1.0  PQ: 0 ANSI: 5
[   75.691498] scsi target2:0:1: Beginning Domain Validation
[   75.948521] scsi target2:0:1: Domain Validation skipping write tests
[   76.179055] scsi target2:0:1: Ending Domain Validation
[   76.226329] scsi target2:0:1: asynchronous
[   76.437722] sd 2:0:0:0: Attached scsi generic sg0 type 0
[   76.439112] sd 2:0:0:0: [sda] 20971520 512-byte logical blocks: (10.7 GB/10.0 GiB)
[   76.440901] sd 2:0:1:0: Attached scsi generic sg1 type 0
[   76.764319] sd 2:0:1:0: [sdb] 20480 512-byte logical blocks: (10.5 MB/10.0 MiB)
[   76.768744] sd 2:0:0:0: [sda] Write Protect is off
[   76.769043] sd 2:0:0:0: [sda] Incomplete mode parameter data
[   76.769044] sd 2:0:0:0: [sda] Assuming drive cache: write through
[   77.155739]  sda: sda1
[   77.157071] sd 2:0:0:0: [sda] Attached SCSI disk
[   78.062210] sd 2:0:1:0: [sdb] Write Protect is off
[   78.208566] sd 2:0:1:0: [sdb] Incomplete mode parameter data
[   78.353528] sd 2:0:1:0: [sdb] Assuming drive cache: write through
[   78.505248] sd 2:0:1:0: [sdb] Attached SCSI disk
Begin: Loading e[   80.042272] md: linear personality registered for level -1
ssential drivers[   80.236408] md: multipath personality registered for level -4
 ... [   80.545368] md: raid0 personality registered for level 0
[   80.669490] md: raid1 personality registered for level 1
[   80.900902] raid6: sse2x1   gen() 10754 MB/s
[   81.151731] raid6: sse2x1   xor() 10009 MB/s
[   81.448379] raid6: sse2x2   gen() 15086 MB/s
[   81.683761] raid6: sse2x2   xor()  9182 MB/s
[   81.968577] raid6: sse2x4   gen() 17960 MB/s
[   82.273079] raid6: sse2x4   xor() 10558 MB/s
[   82.556267] raid6: avx2x1   gen() 24603 MB/s
[   82.784248] raid6: avx2x2   gen() 25527 MB/s
[   83.096454] raid6: avx2x4   gen() 31213 MB/s
[   83.278130] raid6: using algorithm avx2x4 gen() 31213 MB/s
[   83.514271] raid6: using avx2x2 recovery algorithm
[   83.756272] xor: automatically using best checksumming function:
[   83.915951]    avx       : 22760.000 MB/sec
[   84.053061] async_tx: api initialized (async)
[   84.269402] md: raid6 personality registered for level 6
[   84.491835] md: raid5 personality registered for level 5
[   84.744736] md: raid4 personality registered for level 4
[   84.910922] md: raid10 personality registered for level 10
done.
Begin: Running[   85.055310] Btrfs loaded
 /scripts/init-premount ... done.
Begin: Mounti[   85.248516] EXT4-fs (sda1): INFO: recovery required on readonly filesystem
ng root file sys[   85.456584] EXT4-fs (sda1): write access will be enabled during recovery
tem ... Begin: Running /scripts/local-top ... done.
Begin: Running /scripts/local-premount ... Scanning for Btrfs filesystems
done.
Warning: fsck not present, so skipping root file system
[   85.753855] EXT4-fs (sda1): orphan cleanup on readonly fs
[   86.789673] EXT4-fs (sda1): 6 orphan inodes deleted
[   87.661124] EXT4-fs (sda1): recovery complete
[   87.788955] EXT4-fs (sda1): mounted filesystem with ordered data mode. Opts: (null)
done.
[   87.855626] random: nonblocking pool is initialized
Begin: Running /scripts/local-bottom ... done.
Begin: Running /scripts/init-bottom ... done.
[   .080 sted[1]: systemd 229 running in system mode. (+PAM +AUDIT +SELINUX +IMA +APPARMOR +SMACK +SYSVINIT +UTMP +LIBCRYPTSETUP +GCRYPT +GNUTLS +ACL +XZ -LZ4 +SECCOMP +BLKID +ELFUTILS +KMOD -IDN)
[   88.745286] systemd[1]: Detected virtualization oracle.
[   88.904178] systemd[1]: Detected architecture x86-64.

Welcome to [1mUbuntu 16.04.3 LTS[0m!

[ 891436] ystemd[1: t stmeo <ubuntu-xenial>.
[   89.734651] systemd[1]: Listening on /dev/initctl Compatibility Named Pipe.
[[0;32m  OK  [0m] Listening on /dev/initctl Compatibility Named Pipe.
[   90.087 ste[11]: et uaumontArtry ecab Fe rms leysem Automount Point.
[[0;32m  OK  [0m] Set up automount Arbitrary Executab...ats File System Automount Point.
[ 91896] systemd[1 Ltengn ournalAut ck.
[[0;32m  OK  [0m] Listening on Journal Audit Socket.
[   .761 sstem1] Started Fwa Pswd qutso Wallirto Wch

[[0;32m  OK  [0m] Started Forward Password Requests to Wall Directory Watch.
[   92.520] std[: sting on LVM2 poll daemon socket.

[[0;32m  OK  [0m] Listening on LVM2 poll daemon socket.
[   .913 ste[1 Lstening on evice-mappr endaonFIFO
[[0;32m  OK  [0m] Listening on Device-mapper event daemon FIFOs.
[  93.20] std[: Listin on LVM2 metadatdamon socket.
[[0;32m  OK  [0m] Listening on LVM2 metadata daemon socket.
[  94.20154] ste[1 Cat sceysm ic
[[0;32m  OK  [0m] Created slice System Slice.
[   947338 stemd]:Createsle erndesonlie.
[[0;32m  OK  [0m] Created slice User and Session Slice.
[   .321 ste[1 Rch targeSles
[[0;32m  OK  [0m] Reached target Slices.
[ 95.885201] syste[1 Cat sceysstem-erial\dgtyli.
[[0;32m  OK  [0m] Created slice system-serial\x2dgetty.slice.
[   .544 ste[1 Lsteni on Jouraloct.
[[0;32m  OK  [0m] Listening on Journal Socket.
[   97.180845] systemd[1]: Starting Uncomplicated firewall...
         Starting Uncomplicated firewall...
[   97.416371] systemd[1]: Starting Remount Root and Kernel File Systems...
         Starting Remount[   97.646422] EXT4-fs (sda1): re-mounted. Opts: (null)
 Root and Kernel File Systems...
[   97.976236] systemd[1]: Mounting Debug File System...
         Mounting Debug File System...
[   98.104621] systemd[1]: Starting Monitoring of LVM2 mirrors, snapshots etc. using dmeventd or progress polling...
         Starting Monitoring of LVM2 mirrors... dmeventd or progress polling...
[   98.520597] systemd[1]: Starting Set console keymap...
         Starting Set console keymap...
[   98.724226] systemd[1]: Mounting POSIX Message Queue File System...
         Mounting POSIX Message Queue File System...
[   99.099967] systemd[1]: Reached target Swap.
[[0;32m  OK  [0m] Reached target Swap.
[   99.127556] systemd[1]: Listening on Journal Socket (/dev/log).
[[0;32m  OK  [0m] Listening on Journal Socket (/dev/log).
[   99.197030] systemd[1]: Listening on udev Kernel Socket.
[[0;32m  OK  [0m] Listening on udev Kernel Socket.
[   99.484546] systemd[1]: Listening on udev Control Socket.
[[0;32m  OK  [0m] Listening on udev Control Socket.
[   99.924307] systemd[1]: Starting Nameserver information manager...
         Starting Nameserver information manager...
[  100.203879] systemd[1]: Mounting Huge Pages File System...
         Mounting Huge Pages File System...
[  100.356442] systemd[1]: Starting Create list of required static device nodes for the current kernel...
         Starting Create list of required st... nodes for the current kernel...
[  100.893453] systemd[1]: Reached target Encrypted Volumes.
[[0;32m  OK  [0m] Reached target Encrypted Volumes.
[  101.260182] systemd[1]: Started Trigger resolvconf update for networkd DNS.
[[0;32m  OK  [0m] Started Trigger resolvconf update for networkd DNS.
[  101.313443] systemd[1]: Reached target User and Group Name Lookups.
[[0;32m  OK  [0m] Reached target User and Group Name Lookups.
[  101.381337] systemd[1]: Listening on Syslog Socket.
[[0;32m  OK  [0m] Listening on Syslog Socket.
[  101.724275] systemd[1]: Starting Journal Service...
         Starting Journal Service...
[  101.780582] systemd[1]: Starting Load Kernel Modules...
[  101770]oangSC tnsrtlass v0-0.

         Starting Load Kernel Modules...
[  102.402445] systemd[1]: Mounted POSIX Message Queue File System.
[[0;32m  OK  [0m] Mounted POSIX Message Queue File System.
[  102.406446] systemd[1]: Mounted Debug File System.
[[0;32m  OK  [[  102.530273] iscsi: registered transport (tcp)
0m] Mounted Debug File System.
[  102.702786] iscsi: registered transport (iser)
[  103.604796] systemd[1]: Mounted Huge Pages File System.
[[0;32m  OK  [0m] Mounted Huge Pages File System.
[  103.889041] systemd[1]: Started Journal Service.
[[0;32m  OK  [0m] Started Journal Service.
[[0;32m  OK  [0m] Started Uncomplicated firewall.
[[0;32m  OK  [0m] Started Remount Root and Kernel File Systems.
[[0;32m  OK  [0m] Started Set console keymap.
[[0;32m  OK  [0m] Started Create list of required sta...ce nodes for the current kernel.
[[0;32m  OK  [0m] Started Load Kernel Modules.
[[0;32m  OK  [0m] Started Nameserver information manager.
[[0;32m  OK  [0m] Started LVM2 metadata daemon.
         Starting Apply Kernel Variables...
         Mounting FUSE Control File System...
         Starting Create Static Device Nodes in /dev...
         Starting Load/Save Random Seed...
         Starting Initial cloud-init job (pre-networking)...
         Starting udev Coldplug all Devices...
         Starting Flush Journal to Persistent Storage...
[[0;32m  OK  [0m] Mounted FUSE Control File System.
[[0;32m  OK  [0m] Started Apply Kernel Variables.
[[0;32m  OK  [0m] Started Create Static Device Nodes in /dev.
[[0;32m  OK  [0m] Started Load/Save Random Seed.
[[0;32m  OK  [0m] Started Monitoring of LVM2 mirrors,...ng dmeventd or progress polling.
[[0;32m  OK  [0m] Started udev Coldplug all Devices.
[[0;32m  OK  [0m] Started Flush Journal to Persistent Storage.
         Starting udev Kernel Device Manager...
[[0;32m  OK  [0m] Started udev Kernel Device Manager.
[[0;32m  OK  [0m] Reached target Local File Systems (Pre).
[[0;32m  OK  [0m] Reached target Local File Systems.
         Starting Create Volatile Files and Directories...
[   60.614187] cloud-init[456]: Cloud-init v. 17.1 running 'init-local' at Mon, 19 Feb 2018 07:11:21 +0000. Up 60.27 seconds.
         Starting LSB: AppArmor initialization...
         Starting Set console font and keymap...
         Starting Tell Plymouth To Write Out Runtime Data...
[[0;32m  OK  [0m] Started Dispatch Password Requests to Console Directory Watch.
[[0;32m  OK  [0m] Started Create Volatile Files and Directories.
[[0;32m  OK  [0m] Started Set console font and keymap.
[[0;32m  OK  [0m] Started Tell Plymouth To Write Out Runtime Data.
[[0;32m  OK  [0m] Started Initial cloud-init job (pre-networking).
[[0;32m  OK  [0m] Found device /dev/ttyS0.
[[0;32m  OK  [0m] Listening on Load/Save RF Kill Switch Status /dev/rfkill Watch.
[[0;32m  OK  [0m] Reached target Network (Pre).
[[0;32m  OK  [0m] Created slice system-getty.slice.
[[0;32m  OK  [0m] Reached target System Time Synchronized.
         Starting Update UTMP about System Boot/Shutdown...
[[0;32m  OK  [0m] Started LSB: AppArmor initialization.
[[0;32m  OK  [0m] Started ifup for enp0s3.
         Starting Raise network interfaces...
[[0;32m  OK  [0m] Started Update UTMP about System Boot/Shutdown.
[[0;32m  OK  [0m] Started Raise network interfaces.
[[0;32m  OK  [0m] Reached target Network.
         Starting Initial cloud-init job (metadata service crawler)...
[   64.373114] cloud-init[971]: Cloud-init v. 17.1 running 'init' at Mon, 19 Feb 2018 07:11:25 +0000. Up 64.07 seconds.
[   64.448593] [cloud-init[0;32m  OK  [0m[971]: ] ci-info: +++++++++++++++++++++++++++++++++++++Net device info++++++++++++++++++++++++++++++++++++++Started Initial cloud-init job (metadata service crawler).

[   64.449238] cloud-init[971]: ci-info: +--------+------+----------------------------+---------------+-------+-------------------+
[   64.607428] [[0;32m  OK  [0m] Reached target System Initialization.
cloud-init[971]: ci-info: | Device |  Up  |          Address           |      Mask     | Scope |     Hw-Address    |
[   64.757174] [cloud-init[0;32m  OK  [0m[971]: ] ci-info: +--------+------+----------------------------+---------------+-------+-------------------+Started Timer to automatically refresh installed snaps.

[[0;32m  OK  [0m] Started Daily Cleanup of Temporary Directories.
[[0;32m  OK  [0m] Listening on UUID daemon activation socket.
[   64.757845] cloud-init[971]: ci-info: | enp0s3 | True |         10.0.2.15          | 255.255.255.0 |   .   | 02:66:2d:c5:e5:fb |
[   65.008435] [cloud-init[0;32m  OK  [0m[971]: ] ci-info: | enp0s3 | True | fe80::66:2dff:fec5:e5fb/64 |       .       |  link | 02:66:2d:c5:e5:fb |Listening on ACPID Listen Socket.

[[0;32m  OK  [0m] Listening on D-Bus System Message Bus Socket.
[[0;32m  OK  [0m] Started Daily apt download activities.
[   65.009172] cloud-init[971]: ci-info: |   lo   | True |         127.0.0.1          |   255.0.0.0   |   .   |         .         |
[[0;32m  OK  [0m] Started Daily apt upgrade and clean activities.
[[0;32m  OK  [0m] Reached target Timers.
[   65.273045] cloud-init[971]: ci-info: |   lo   | True |          ::1/128           |       .       |  host |         .         |
[   65.310196] cloud-init[971]: ci-info: +--------+------+----------------------------+---------------+-------+-------------------+
[   65.413253]          cloud-initStarting LXD - unix socket.[971]: 
ci-info: +++++++++++++++++++++++++++Route IPv4 info++++++++++++++++++++++++++++
[   65.572905] [cloud-init[0;32m  OK  [0m[971]: ] ci-info: +-------+-------------+----------+---------------+-----------+-------+Started ACPI Events Check.

[   65.722640] [cloud-init[0;32m  OK  [0m[971]: ] ci-info: | Route | Destination | Gateway  |    Genmask    | Interface | Flags |Reached target Paths.

         Starting Socket activation for snappy daemon.
[[0;32m  OK  [0m] Reached target Network is Online.
[   65.723427] cloud-init[971]: ci-info: +-------+-------------+----------+---------------+-----------+-------+
[   65.921065]          cloud-initStarting iSCSI initiator daemon (iscsid)...[971]: 
ci-info: |   0   |   0.0.0.0   | 10.0.2.2 |    0.0.0.0    |   enp0s3  |   UG  |
[   65.997113] [[0;32m  OK  [0m] Reached target Cloud-config availability.
[[0;32m  OK  [0m] Listening on LXD - unix socket.
[[0;32m  OK  [0m] Listening on Socket activation for snappy daemon.
cloud-init[971]: ci-info: |   1   |   10.0.2.0  | 0.0.0.0  | 255.255.255.0 |   enp0s3  |   U   |
[   66.106628] [[0;32m  OK  [0m] Reached target Sockets.
[[0;32m  OK  [0m] Reached target Basic System.
cloud-init[971]: ci-info: +-------+-------------+----------+---------------+-----------+-------+
[[0;32m  OK  [0m] Started Deferred execution scheduler.
[[0;32m  OK  [0m] Started Regular background program processing daemon.
         Starting LSB: MD monitoring daemon...
         Starting MySQL Community Server...
         Starting System Logging Service...
         Starting RabbitMQ broker...
         Starting Accounts Service...
[[0;32m  OK  [0m] Started ACPI event daemon.
[[0;32m  OK  [0m] Started Unattended Upgrades Shutdown.
         Starting Login Service...
         Starting Snappy daemon...
         Starting /etc/rc.local Compatibility...
[[0;32m  OK  [0m] Started D-Bus System Message Bus.
         Starting LSB: Record successful boot for GRUB...
         Starting Apply the settings specified in cloud-config...
         Starting OpenBSD Secure Shell server...
[[0;32m  OK  [0m] Started FUSE filesystem for LXC.
         Starting LXD - container startup/shutdown...
[[0;32m  OK  [0m] Started System Logging Service.
[[0;32m  OK  [0m] Started Snappy daemon.
[[0;32m  OK  [0m] Started OpenBSD Secure Shell server.
[[0;32m  OK  [0m] Started iSCSI initiator daemon (iscsid).
[[0;32m  OK  [0m] Started /etc/rc.local Compatibility.
[[0;32m  OK  [0m] Started LXD - container startup/shutdown.
[[0;32m  OK  [0m] Started LSB: MD monitoring daemon.
[[0;32m  OK  [0m] Started LSB: Record successful boot for GRUB.
[[0;32m  OK  [0m] Started Login Service.
[   67.395721] cloud-init[1187]: Cloud-init v. 17.1 running 'modules:config' at Mon, 19 Feb 2018 07:11:28 +0000. Up 67.09 seconds.
         Starting Authenticate and Authorize Users to Run Privileged Tasks...
         Starting Login to default iSCSI targets...
[[0;32m  OK  [0m] Started Apply the settings specified in cloud-config.
[[0;32m  OK  [0m] Started Authenticate and Authorize Users to Run Privileged Tasks.
[[0;32m  OK  [0m] Started Accounts Service.
[[0;32m  OK  [0m] Started Login to default iSCSI targets.
[[0;32m  OK  [0m] Reached target Remote File Systems (Pre).
[[0;32m  OK  [0m] Reached target Remote File Systems.
         Starting LSB: daemon to balance interrupts for SMP systems...
         Starting LSB: Set the CPU Frequency Scaling governor to "ondemand"...
         Starting Permit User Sessions...
         Starting LSB: automatic crash report generation...
         Starting LSB: VirtualBox Linux Additions...
[[0;32m  OK  [0m] Started Permit User Sessions.
[[0;32m  OK  [0m] Started MySQL Community Server.
[[0;32m  OK  [0m] Started LSB: daemon to balance interrupts for SMP systems.
[[0;32m  OK  [0m] Started LSB: Set the CPU Frequency Scaling governor to "ondemand".
[[0;32m  OK  [0m] Started LSB: automatic crash report generation.
[[0;32m  OK  [0m] Created slice User Slice of vagrant.
         Starting User Manager for UID 1000...
[[0;32m  OK  [0m] Started Session 1 of user vagrant.
         Starting Hold until boot process finishes up...
         Starting Terminate Plymouth Boot Screen...
[[0;32m  OK  [0m] Started User Manager for UID 1000.
[[0;32m  OK  [0m] Started LSB: VirtualBox Linux Additions.
[[0;32m  OK  [0m] Started Hold until boot process finishes up.
[[0;32m  OK  [0m] Started Terminate Plymouth Boot Screen.
[[0;32m  OK  [0m] Started Getty on tty1.
[[0;32m  OK  [0m] Started Serial Getty on ttyS0.
[[0;32m  OK  [0m] Reached target Login Prompts.
         Starting Set console scheme...
[[0;32m  OK  [0m] Started Set console scheme.
[[0;32m  OK  [0m] Started RabbitMQ broker.
[[0;32m  OK  [0m] Reached target Multi-User System.
         Starting Execute cloud user/final scripts...
[[0;32m  OK  [0m] Reached target Graphical Interface.
         Starting Update UTMP about System Runlevel Changes...
[[0;32m  OK  [0m] Started Update UTMP about System Runlevel Changes.
[   71.419096] [cloud-init[0;32m  OK  [0m[1672]: ] Cloud-init v. 17.1 running 'modules:final' at Mon, 19 Feb 2018 07:11:32 +0000. Up 71.30 seconds.Started Execute cloud user/final scripts.

[   71.717235]          cloud-initStarting Daily apt download activities...[1672]: 
Cloud-init v. 17.1 finished at Mon, 19 Feb 2018 07:11:32 +0000. Datasource DataSourceNoCloud [seed=/dev/sdb][dsmode=net].  Up 71.41 seconds
[[0;32m  OK  [0m] Reached target Cloud-init target.
         Stopping User Manager for UID 1000...
[[0;32m  OK  [0m] Stopped User Manager for UID 1000.
[[0;32m  OK  [0m] Removed slice User Slice of vagrant.

Ubuntu 16.04.3 LTS ubuntu-xenial ttyS0

ubuntu-xenial login: 